50
4 8 10 26 
16 17 31 32 
7 8 20 30 
1 22 24 27 
3 6 14 15 
14 28 30 32 
0 18 20 33 
1 19 25 33 
1 4 12 18 
15 19 25 28 
3 19 22 31 
5 14 19 33 
11 16 20 29 
0 4 10 29 
12 17 21 27 
16 18 30 33 
11 12 17 24 
5 17 22 31 
0 1 8 13 
1 6 18 24 
8 12 18 28 
1 17 18 28 
5 8 26 30 
7 9 14 29 
15 16 19 29 
8 11 12 19 
6 12 20 33 
1 4 26 33 
4 11 19 27 
6 8 19 21 
2 26 30 31 
5 20 24 30 
8 11 20 31 
19 24 32 33 
8 22 24 30 
5 8 19 27 
0 1 15 19 
6 9 17 22 
2 8 15 26 
2 8 21 27 
9 17 22 30 
13 24 29 32 
1 6 26 31 
1 13 16 32 
10 20 21 25 
5 19 28 32 
0 14 15 33 
1 3 31 32 
0 15 22 32 
1 6 16 21 
4 8 10 26 0 33 13 19 31 1 2 28 32 30 9 27 23 29 24 25 
16 17 31 32 5 6 0 1 2 8 30 28 33 9 13 19 27 23 24 25 
7 8 20 30 0 1 2 32 33 13 19 31 9 27 28 23 3 24 25 
1 22 24 27 0 2 13 19 30 32 33 31 23 8 9 28 25 
3 6 14 15 0 2 13 32 33 8 19 31 1 9 27 28 23 30 24 25 
14 28 30 32 33 2 31 1 8 9 13 19 27 0 24 23 25 
0 18 20 33 2 8 13 19 31 32 9 27 28 1 30 24 23 25 
1 19 25 33 0 13 30 23 31 8 2 32 27 24 28 9 
1 4 12 18 0 2 3 13 19 30 32 33 8 31 9 27 28 23 24 25 
15 19 25 28 32 33 0 23 31 2 8 9 13 27 24 1 30 
3 19 22 31 0 1 2 13 33 32 28 8 30 9 27 23 24 25 
5 14 19 33 0 32 8 13 31 2 1 28 9 27 30 23 24 25 
11 16 20 29 0 5 6 32 33 2 8 13 19 31 9 27 28 1 30 24 23 25 
0 4 10 29 2 8 13 19 31 32 33 1 9 27 28 30 24 23 25 
12 17 21 27 0 3 1 2 
16 18 30 33 5 6 32 1 8 13 19 31 0 2 28 9 27 23 24 25 
11 12 17 24 0 31 
5 17 22 31 0 1 32 33 2 8 13 19 30 9 27 28 23 24 25 
0 1 8 13 2 30 33 9 27 28 32 19 31 23 24 25 
1 6 18 24 0 2 13 19 30 32 33 27 31 8 9 28 23 25 
8 12 18 28 0 2 32 33 3 31 13 19 1 9 27 23 30 24 25 
1 17 18 28 2 13 19 30 0 32 33 31 8 9 27 23 24 25 
5 8 26 30 0 33 1 13 19 31 2 28 32 9 27 23 29 24 25 
7 9 14 29 2 33 32 8 13 27 28 19 30 31 23 0 1 3 24 25 
15 16 19 29 32 33 5 6 0 2 8 31 9 13 27 28 1 30 24 23 25 
8 11 12 19 0 33 3 1 13 31 30 2 28 32 9 27 23 24 25 
6 12 20 33 0 3 32 8 13 19 31 2 1 30 28 9 27 23 24 25 
1 4 26 33 0 13 19 30 8 31 2 32 28 9 27 23 29 24 25 
4 11 19 27 0 33 2 8 13 31 9 28 32 1 30 24 23 25 
6 8 19 21 0 33 1 13 31 30 2 28 32 9 27 23 24 25 
2 26 30 31 0 1 8 9 13 27 28 32 29 33 24 19 23 25 
5 20 24 30 0 32 33 27 31 1 8 2 13 19 23 9 28 25 
8 11 20 31 0 32 33 2 13 19 9 27 28 1 23 24 30 25 
19 24 32 33 0 27 31 2 8 23 9 13 28 25 1 30 
8 22 24 30 0 2 32 33 27 31 1 13 19 9 28 23 25 
5 8 19 27 0 2 33 1 13 31 9 28 32 30 24 23 25 
0 1 15 19 2 8 13 31 30 32 33 9 27 28 24 23 25 
6 9 17 22 0 2 33 1 32 8 13 19 31 27 28 30 23 24 25 
2 8 15 26 9 13 27 28 32 0 33 29 23 31 19 25 24 1 30 
2 8 21 27 0 1 30 33 13 19 31 32 9 28 24 23 25 
9 17 22 30 2 33 0 1 32 8 13 27 28 19 31 23 24 25 
13 24 29 32 0 2 33 25 27 31 23 8 19 1 9 28 30 
1 6 26 31 0 13 19 30 33 32 2 8 9 27 28 23 29 24 25 
1 13 16 32 0 2 30 33 5 6 8 31 19 9 27 28 24 23 25 
10 20 21 25 0 32 33 1 23 31 2 8 13 19 30 9 27 28 24 
5 19 28 32 0 33 2 31 8 13 9 27 1 24 30 23 25 
0 14 15 33 2 8 13 19 31 32 9 27 28 1 30 24 23 25 
1 3 31 32 0 2 30 28 33 8 13 19 9 27 23 24 25 
0 15 22 32 2 8 13 19 31 33 1 9 27 28 30 24 23 25 
1 6 16 21 0 5 
